#0: Connected
#1: Connected
#0: Allocated at offset 8: 0
#1: Read: 0
#0: Allocated at offset 24: 1
#1: Read: 1
#0: Allocated at offset 40: 2
#1: Read: 2
#0: Freed at offset: 8
#0: Freed at offset: 24
#0: Allocated at offset 8: 3 4 5
#1: Read: 3 4 5
#0: Freed at offset: 40
#0: Freed at offset: 8
#0: Allocated at offset 8: 6
#1: Read: 6
#0: Allocated at offset 24: 7
#1: Read: 7
#0: Allocated at offset 40: 8
#1: Read: 8
#0: Freed at offset: 8
#0: Freed at offset: 40
#0: Freed at offset: 24
#0: Allocated at offset 8: 9 10 11 12 13
#1: Read: 9 10 11 12 13
